mode: set
github.com/shadmeoli/kairos/internal/gitexec/gitexec.go:14.57,16.16 2 1
github.com/shadmeoli/kairos/internal/gitexec/gitexec.go:16.16,18.3 1 1
github.com/shadmeoli/kairos/internal/gitexec/gitexec.go:19.2,24.16 6 1
github.com/shadmeoli/kairos/internal/gitexec/gitexec.go:24.16,26.16 2 0
github.com/shadmeoli/kairos/internal/gitexec/gitexec.go:26.16,28.4 1 0
github.com/shadmeoli/kairos/internal/gitexec/gitexec.go:29.3,29.58 1 0
github.com/shadmeoli/kairos/internal/gitexec/gitexec.go:31.2,31.45 1 1
github.com/shadmeoli/kairos/internal/gitexec/gitexec.go:34.56,37.2 2 1
github.com/shadmeoli/kairos/internal/gitexec/gitexec.go:39.52,41.16 2 1
github.com/shadmeoli/kairos/internal/gitexec/gitexec.go:41.16,43.3 1 0
github.com/shadmeoli/kairos/internal/gitexec/gitexec.go:44.2,44.15 1 1
github.com/shadmeoli/kairos/internal/gitexec/gitexec.go:44.15,46.3 1 0
github.com/shadmeoli/kairos/internal/gitexec/gitexec.go:47.2,47.17 1 1
github.com/shadmeoli/kairos/internal/gitexec/gitexec.go:50.42,52.2 1 1
github.com/shadmeoli/kairos/internal/gitexec/gitexec.go:54.46,56.16 2 1
github.com/shadmeoli/kairos/internal/gitexec/gitexec.go:56.16,58.3 1 0
github.com/shadmeoli/kairos/internal/gitexec/gitexec.go:59.2,59.28 1 1
github.com/shadmeoli/kairos/internal/gitexec/gitexec.go:62.51,64.16 2 1
github.com/shadmeoli/kairos/internal/gitexec/gitexec.go:64.16,66.3 1 0
github.com/shadmeoli/kairos/internal/gitexec/gitexec.go:67.2,67.18 1 1
github.com/shadmeoli/kairos/internal/gitexec/gitexec.go:67.18,69.3 1 1
github.com/shadmeoli/kairos/internal/gitexec/gitexec.go:70.2,70.16 1 1
github.com/shadmeoli/kairos/internal/gitexec/gitexec.go:73.43,75.16 2 1
github.com/shadmeoli/kairos/internal/gitexec/gitexec.go:75.16,77.3 1 0
github.com/shadmeoli/kairos/internal/gitexec/gitexec.go:78.2,78.42 1 1
github.com/shadmeoli/kairos/internal/gitexec/gitexec.go:81.53,84.2 2 0
github.com/shadmeoli/kairos/internal/gitexec/gitexec.go:86.61,89.2 2 0
github.com/shadmeoli/kairos/internal/gitexec/gitexec.go:91.59,92.15 1 1
github.com/shadmeoli/kairos/internal/gitexec/gitexec.go:92.15,94.3 1 0
github.com/shadmeoli/kairos/internal/gitexec/gitexec.go:95.2,95.47 1 1
github.com/shadmeoli/kairos/internal/gitexec/gitexec.go:99.95,100.46 1 0
github.com/shadmeoli/kairos/internal/gitexec/gitexec.go:100.46,102.16 2 0
github.com/shadmeoli/kairos/internal/gitexec/gitexec.go:102.16,104.4 1 0
github.com/shadmeoli/kairos/internal/gitexec/gitexec.go:105.3,106.28 2 0
github.com/shadmeoli/kairos/internal/gitexec/gitexec.go:108.2,109.33 2 0
github.com/shadmeoli/kairos/internal/gitexec/gitexec.go:109.33,111.3 1 0
github.com/shadmeoli/kairos/internal/gitexec/gitexec.go:112.2,112.16 1 0
github.com/shadmeoli/kairos/internal/gitexec/gitexec.go:112.16,114.3 1 0
github.com/shadmeoli/kairos/internal/gitexec/gitexec.go:115.2,116.15 2 0
github.com/shadmeoli/kairos/internal/gitexec/gitexec.go:116.15,118.3 1 0
github.com/shadmeoli/kairos/internal/gitexec/gitexec.go:119.2,120.48 2 0
github.com/shadmeoli/kairos/internal/gitexec/gitexec.go:120.48,122.17 2 0
github.com/shadmeoli/kairos/internal/gitexec/gitexec.go:122.17,124.4 1 0
github.com/shadmeoli/kairos/internal/gitexec/gitexec.go:126.2,126.19 1 0
github.com/shadmeoli/kairos/internal/gitexec/gitexec.go:130.70,132.2 1 0
github.com/shadmeoli/kairos/internal/gitexec/gitexec.go:134.60,135.23 1 0
github.com/shadmeoli/kairos/internal/gitexec/gitexec.go:135.23,137.3 1 0
github.com/shadmeoli/kairos/internal/gitexec/gitexec.go:138.2,139.16 2 0
github.com/shadmeoli/kairos/internal/gitexec/gitexec.go:139.16,141.3 1 0
github.com/shadmeoli/kairos/internal/gitexec/gitexec.go:142.2,145.34 4 0
github.com/shadmeoli/kairos/internal/gitexec/gitexec.go:145.34,147.3 1 0
github.com/shadmeoli/kairos/internal/gitexec/gitexec.go:148.2,148.12 1 0
github.com/shadmeoli/kairos/cmd/kairos/main.go:36.55,37.40 1 0
github.com/shadmeoli/kairos/cmd/kairos/main.go:37.40,39.3 1 0
github.com/shadmeoli/kairos/cmd/kairos/main.go:40.2,40.40 1 0
github.com/shadmeoli/kairos/cmd/kairos/main.go:40.40,42.3 1 0
github.com/shadmeoli/kairos/cmd/kairos/main.go:43.2,43.79 1 0
github.com/shadmeoli/kairos/cmd/kairos/main.go:46.13,59.48 5 0
github.com/shadmeoli/kairos/cmd/kairos/main.go:59.48,61.4 1 0
github.com/shadmeoli/kairos/cmd/kairos/main.go:64.2,67.55 1 0
github.com/shadmeoli/kairos/cmd/kairos/main.go:67.55,69.18 2 0
github.com/shadmeoli/kairos/cmd/kairos/main.go:69.18,71.5 1 0
github.com/shadmeoli/kairos/cmd/kairos/main.go:72.4,73.18 2 0
github.com/shadmeoli/kairos/cmd/kairos/main.go:73.18,75.5 1 0
github.com/shadmeoli/kairos/cmd/kairos/main.go:76.4,77.14 2 0
github.com/shadmeoli/kairos/cmd/kairos/main.go:80.2,88.55 3 0
github.com/shadmeoli/kairos/cmd/kairos/main.go:88.55,90.18 2 0
github.com/shadmeoli/kairos/cmd/kairos/main.go:90.18,92.5 1 0
github.com/shadmeoli/kairos/cmd/kairos/main.go:93.4,94.24 2 0
github.com/shadmeoli/kairos/cmd/kairos/main.go:94.24,95.22 1 0
github.com/shadmeoli/kairos/cmd/kairos/main.go:95.22,97.6 1 0
github.com/shadmeoli/kairos/cmd/kairos/main.go:98.5,98.53 1 0
github.com/shadmeoli/kairos/cmd/kairos/main.go:99.10,100.23 1 0
github.com/shadmeoli/kairos/cmd/kairos/main.go:100.23,102.6 1 0
github.com/shadmeoli/kairos/cmd/kairos/main.go:103.5,103.52 1 0
github.com/shadmeoli/kairos/cmd/kairos/main.go:105.4,105.71 1 0
github.com/shadmeoli/kairos/cmd/kairos/main.go:108.2,117.55 4 0
github.com/shadmeoli/kairos/cmd/kairos/main.go:117.55,119.18 2 0
github.com/shadmeoli/kairos/cmd/kairos/main.go:119.18,121.5 1 0
github.com/shadmeoli/kairos/cmd/kairos/main.go:122.4,123.24 2 0
github.com/shadmeoli/kairos/cmd/kairos/main.go:123.24,124.22 1 0
github.com/shadmeoli/kairos/cmd/kairos/main.go:124.22,126.6 1 0
github.com/shadmeoli/kairos/cmd/kairos/main.go:127.5,127.51 1 0
github.com/shadmeoli/kairos/cmd/kairos/main.go:128.10,129.23 1 0
github.com/shadmeoli/kairos/cmd/kairos/main.go:129.23,131.6 1 0
github.com/shadmeoli/kairos/cmd/kairos/main.go:132.5,132.50 1 0
github.com/shadmeoli/kairos/cmd/kairos/main.go:134.4,134.71 1 0
github.com/shadmeoli/kairos/cmd/kairos/main.go:137.2,149.55 5 0
github.com/shadmeoli/kairos/cmd/kairos/main.go:149.55,151.18 2 0
github.com/shadmeoli/kairos/cmd/kairos/main.go:151.18,153.5 1 0
github.com/shadmeoli/kairos/cmd/kairos/main.go:154.4,154.70 1 0
github.com/shadmeoli/kairos/cmd/kairos/main.go:157.2,164.55 3 0
github.com/shadmeoli/kairos/cmd/kairos/main.go:164.55,166.18 2 0
github.com/shadmeoli/kairos/cmd/kairos/main.go:166.18,168.5 1 0
github.com/shadmeoli/kairos/cmd/kairos/main.go:169.4,169.30 1 0
github.com/shadmeoli/kairos/cmd/kairos/main.go:172.2,176.55 1 0
github.com/shadmeoli/kairos/cmd/kairos/main.go:176.55,178.18 2 0
github.com/shadmeoli/kairos/cmd/kairos/main.go:178.18,180.5 1 0
github.com/shadmeoli/kairos/cmd/kairos/main.go:181.4,182.22 2 0
github.com/shadmeoli/kairos/cmd/kairos/main.go:182.22,184.5 1 0
github.com/shadmeoli/kairos/cmd/kairos/main.go:185.4,185.35 1 0
github.com/shadmeoli/kairos/cmd/kairos/main.go:188.2,192.55 1 0
github.com/shadmeoli/kairos/cmd/kairos/main.go:192.55,194.18 2 0
github.com/shadmeoli/kairos/cmd/kairos/main.go:194.18,196.5 1 0
github.com/shadmeoli/kairos/cmd/kairos/main.go:197.4,197.35 1 0
github.com/shadmeoli/kairos/cmd/kairos/main.go:200.2,204.55 1 0
github.com/shadmeoli/kairos/cmd/kairos/main.go:204.55,206.18 2 0
github.com/shadmeoli/kairos/cmd/kairos/main.go:206.18,208.5 1 0
github.com/shadmeoli/kairos/cmd/kairos/main.go:209.4,209.37 1 0
github.com/shadmeoli/kairos/cmd/kairos/main.go:212.2,217.55 2 0
github.com/shadmeoli/kairos/cmd/kairos/main.go:217.55,219.18 2 0
github.com/shadmeoli/kairos/cmd/kairos/main.go:219.18,221.5 1 0
github.com/shadmeoli/kairos/cmd/kairos/main.go:222.4,223.18 2 0
github.com/shadmeoli/kairos/cmd/kairos/main.go:223.18,225.5 1 0
github.com/shadmeoli/kairos/cmd/kairos/main.go:226.4,227.14 2 0
github.com/shadmeoli/kairos/cmd/kairos/main.go:230.2,233.55 1 0
github.com/shadmeoli/kairos/cmd/kairos/main.go:233.55,235.18 2 0
github.com/shadmeoli/kairos/cmd/kairos/main.go:235.18,237.5 1 0
github.com/shadmeoli/kairos/cmd/kairos/main.go:238.4,239.18 2 0
github.com/shadmeoli/kairos/cmd/kairos/main.go:239.18,241.5 1 0
github.com/shadmeoli/kairos/cmd/kairos/main.go:242.4,243.14 2 0
github.com/shadmeoli/kairos/cmd/kairos/main.go:246.2,250.55 1 0
github.com/shadmeoli/kairos/cmd/kairos/main.go:250.55,252.18 2 0
github.com/shadmeoli/kairos/cmd/kairos/main.go:252.18,254.5 1 0
github.com/shadmeoli/kairos/cmd/kairos/main.go:255.4,256.18 2 0
github.com/shadmeoli/kairos/cmd/kairos/main.go:256.18,258.5 1 0
github.com/shadmeoli/kairos/cmd/kairos/main.go:259.4,260.14 2 0
github.com/shadmeoli/kairos/cmd/kairos/main.go:263.2,266.55 1 0
github.com/shadmeoli/kairos/cmd/kairos/main.go:266.55,268.18 2 0
github.com/shadmeoli/kairos/cmd/kairos/main.go:268.18,270.5 1 0
github.com/shadmeoli/kairos/cmd/kairos/main.go:271.4,272.18 2 0
github.com/shadmeoli/kairos/cmd/kairos/main.go:272.18,274.5 1 0
github.com/shadmeoli/kairos/cmd/kairos/main.go:275.4,276.18 2 0
github.com/shadmeoli/kairos/cmd/kairos/main.go:276.18,278.5 1 0
github.com/shadmeoli/kairos/cmd/kairos/main.go:279.4,279.17 1 0
github.com/shadmeoli/kairos/cmd/kairos/main.go:279.17,282.5 2 0
github.com/shadmeoli/kairos/cmd/kairos/main.go:283.4,286.18 4 0
github.com/shadmeoli/kairos/cmd/kairos/main.go:286.18,288.5 1 0
github.com/shadmeoli/kairos/cmd/kairos/main.go:289.4,290.11 2 0
github.com/shadmeoli/kairos/cmd/kairos/main.go:290.11,292.5 1 0
github.com/shadmeoli/kairos/cmd/kairos/main.go:293.4,294.26 2 0
github.com/shadmeoli/kairos/cmd/kairos/main.go:294.26,296.5 1 0
github.com/shadmeoli/kairos/cmd/kairos/main.go:297.4,298.18 2 0
github.com/shadmeoli/kairos/cmd/kairos/main.go:298.18,300.5 1 0
github.com/shadmeoli/kairos/cmd/kairos/main.go:301.4,302.14 2 0
github.com/shadmeoli/kairos/cmd/kairos/main.go:305.2,309.55 2 0
github.com/shadmeoli/kairos/cmd/kairos/main.go:309.55,311.18 2 0
github.com/shadmeoli/kairos/cmd/kairos/main.go:311.18,313.5 1 0
github.com/shadmeoli/kairos/cmd/kairos/main.go:314.4,315.18 2 0
github.com/shadmeoli/kairos/cmd/kairos/main.go:315.18,317.5 1 0
github.com/shadmeoli/kairos/cmd/kairos/main.go:318.4,319.18 2 0
github.com/shadmeoli/kairos/cmd/kairos/main.go:319.18,321.5 1 0
github.com/shadmeoli/kairos/cmd/kairos/main.go:322.4,327.32 6 0
github.com/shadmeoli/kairos/cmd/kairos/main.go:327.32,329.5 1 0
github.com/shadmeoli/kairos/cmd/kairos/main.go:329.10,331.5 1 0
github.com/shadmeoli/kairos/cmd/kairos/main.go:332.4,334.18 3 0
github.com/shadmeoli/kairos/cmd/kairos/main.go:334.18,336.5 1 0
github.com/shadmeoli/kairos/cmd/kairos/main.go:337.4,338.54 2 0
github.com/shadmeoli/kairos/cmd/kairos/main.go:338.54,341.5 2 0
github.com/shadmeoli/kairos/cmd/kairos/main.go:342.4,342.14 1 0
github.com/shadmeoli/kairos/cmd/kairos/main.go:346.2,346.67 1 0
github.com/shadmeoli/kairos/cmd/kairos/main.go:346.67,348.3 1 0
github.com/shadmeoli/kairos/cmd/kairos/main.go:349.2,354.55 2 0
github.com/shadmeoli/kairos/cmd/kairos/main.go:354.55,356.18 2 0
github.com/shadmeoli/kairos/cmd/kairos/main.go:356.18,358.5 1 0
github.com/shadmeoli/kairos/cmd/kairos/main.go:359.4,360.18 2 0
github.com/shadmeoli/kairos/cmd/kairos/main.go:360.18,362.5 1 0
github.com/shadmeoli/kairos/cmd/kairos/main.go:363.4,364.16 2 0
github.com/shadmeoli/kairos/cmd/kairos/main.go:364.16,366.5 1 0
github.com/shadmeoli/kairos/cmd/kairos/main.go:367.4,368.14 2 0
github.com/shadmeoli/kairos/cmd/kairos/main.go:371.2,381.55 1 0
github.com/shadmeoli/kairos/cmd/kairos/main.go:381.55,383.18 2 0
github.com/shadmeoli/kairos/cmd/kairos/main.go:383.18,385.5 1 0
github.com/shadmeoli/kairos/cmd/kairos/main.go:386.4,386.22 1 0
github.com/shadmeoli/kairos/cmd/kairos/main.go:386.22,388.19 2 0
github.com/shadmeoli/kairos/cmd/kairos/main.go:388.19,390.6 1 0
github.com/shadmeoli/kairos/cmd/kairos/main.go:391.5,391.17 1 0
github.com/shadmeoli/kairos/cmd/kairos/main.go:391.17,393.6 1 0
github.com/shadmeoli/kairos/cmd/kairos/main.go:393.11,395.6 1 0
github.com/shadmeoli/kairos/cmd/kairos/main.go:396.5,396.15 1 0
github.com/shadmeoli/kairos/cmd/kairos/main.go:398.4,399.18 2 0
github.com/shadmeoli/kairos/cmd/kairos/main.go:399.18,401.5 1 0
github.com/shadmeoli/kairos/cmd/kairos/main.go:402.4,402.56 1 0
github.com/shadmeoli/kairos/cmd/kairos/main.go:402.56,404.5 1 0
github.com/shadmeoli/kairos/cmd/kairos/main.go:405.4,405.54 1 0
github.com/shadmeoli/kairos/cmd/kairos/main.go:405.54,407.5 1 0
github.com/shadmeoli/kairos/cmd/kairos/main.go:408.4,408.46 1 0
github.com/shadmeoli/kairos/cmd/kairos/main.go:408.46,410.5 1 0
github.com/shadmeoli/kairos/cmd/kairos/main.go:411.4,412.14 2 0
github.com/shadmeoli/kairos/cmd/kairos/main.go:415.2,438.42 4 0
github.com/shadmeoli/kairos/cmd/kairos/main.go:438.42,441.3 2 0
github.com/shadmeoli/kairos/cmd/kairos/main.go:444.68,445.40 1 0
github.com/shadmeoli/kairos/cmd/kairos/main.go:445.40,447.3 1 0
github.com/shadmeoli/kairos/cmd/kairos/main.go:448.2,448.40 1 0
github.com/shadmeoli/kairos/cmd/kairos/main.go:448.40,450.3 1 0
github.com/shadmeoli/kairos/cmd/kairos/main.go:452.2,452.79 1 0
github.com/shadmeoli/kairos/cmd/kairos/main.go:455.55,456.52 1 0
github.com/shadmeoli/kairos/cmd/kairos/main.go:456.52,458.3 1 0
github.com/shadmeoli/kairos/cmd/kairos/main.go:459.2,460.97 2 0
github.com/shadmeoli/kairos/cmd/kairos/main.go:463.78,465.16 2 0
github.com/shadmeoli/kairos/cmd/kairos/main.go:465.16,467.3 1 0
github.com/shadmeoli/kairos/cmd/kairos/main.go:468.2,469.64 2 0
github.com/shadmeoli/kairos/cmd/kairos/main.go:472.43,473.52 1 0
github.com/shadmeoli/kairos/cmd/kairos/main.go:473.52,475.3 1 0
github.com/shadmeoli/kairos/cmd/kairos/main.go:476.2,477.87 2 0
github.com/shadmeoli/kairos/cmd/kairos/main.go:480.43,481.36 1 0
github.com/shadmeoli/kairos/cmd/kairos/main.go:481.36,483.3 1 0
github.com/shadmeoli/kairos/cmd/kairos/main.go:484.2,484.18 1 0
github.com/shadmeoli/kairos/cmd/kairos/main.go:487.41,489.16 2 0
github.com/shadmeoli/kairos/cmd/kairos/main.go:489.16,490.20 1 0
github.com/shadmeoli/kairos/cmd/kairos/main.go:490.20,492.4 1 0
github.com/shadmeoli/kairos/cmd/kairos/main.go:493.3,493.13 1 0
github.com/shadmeoli/kairos/cmd/kairos/main.go:495.2,495.10 1 0
github.com/shadmeoli/kairos/cmd/kairos/main.go:498.70,501.47 3 0
github.com/shadmeoli/kairos/cmd/kairos/main.go:501.47,504.39 3 0
github.com/shadmeoli/kairos/cmd/kairos/main.go:504.39,506.4 1 0
github.com/shadmeoli/kairos/cmd/kairos/main.go:507.3,508.31 2 0
github.com/shadmeoli/kairos/cmd/kairos/main.go:508.31,510.4 1 0
github.com/shadmeoli/kairos/cmd/kairos/main.go:511.3,512.32 2 0
github.com/shadmeoli/kairos/cmd/kairos/main.go:512.32,514.4 1 0
github.com/shadmeoli/kairos/cmd/kairos/main.go:515.3,516.20 2 0
github.com/shadmeoli/kairos/cmd/kairos/main.go:516.20,518.4 1 0
github.com/shadmeoli/kairos/cmd/kairos/main.go:519.3,519.58 1 0
github.com/shadmeoli/kairos/cmd/kairos/main.go:519.58,521.4 1 0
github.com/shadmeoli/kairos/cmd/kairos/main.go:522.3,523.21 2 0
github.com/shadmeoli/kairos/cmd/kairos/main.go:523.21,525.4 1 0
github.com/shadmeoli/kairos/cmd/kairos/main.go:526.3,526.80 1 0
github.com/shadmeoli/kairos/cmd/kairos/main.go:528.2,528.29 1 0
github.com/shadmeoli/kairos/cmd/kairos/main.go:528.29,530.3 1 0
github.com/shadmeoli/kairos/cmd/kairos/main.go:531.2,531.19 1 0
github.com/shadmeoli/kairos/internal/stashmeta/stashmeta.go:32.38,34.2 1 0
github.com/shadmeoli/kairos/internal/stashmeta/stashmeta.go:36.45,39.16 3 0
github.com/shadmeoli/kairos/internal/stashmeta/stashmeta.go:39.16,40.37 1 0
github.com/shadmeoli/kairos/internal/stashmeta/stashmeta.go:40.37,42.4 1 0
github.com/shadmeoli/kairos/internal/stashmeta/stashmeta.go:43.3,43.21 1 0
github.com/shadmeoli/kairos/internal/stashmeta/stashmeta.go:45.2,46.49 2 0
github.com/shadmeoli/kairos/internal/stashmeta/stashmeta.go:46.49,48.3 1 0
github.com/shadmeoli/kairos/internal/stashmeta/stashmeta.go:49.2,49.30 1 0
github.com/shadmeoli/kairos/internal/stashmeta/stashmeta.go:49.30,51.3 1 0
github.com/shadmeoli/kairos/internal/stashmeta/stashmeta.go:52.2,52.22 1 0
github.com/shadmeoli/kairos/internal/stashmeta/stashmeta.go:52.22,54.3 1 0
github.com/shadmeoli/kairos/internal/stashmeta/stashmeta.go:55.2,55.15 1 0
github.com/shadmeoli/kairos/internal/stashmeta/stashmeta.go:58.45,59.69 1 0
github.com/shadmeoli/kairos/internal/stashmeta/stashmeta.go:59.69,61.3 1 0
github.com/shadmeoli/kairos/internal/stashmeta/stashmeta.go:62.2,64.16 3 0
github.com/shadmeoli/kairos/internal/stashmeta/stashmeta.go:64.16,66.3 1 0
github.com/shadmeoli/kairos/internal/stashmeta/stashmeta.go:67.2,70.55 4 0
github.com/shadmeoli/kairos/internal/stashmeta/stashmeta.go:70.55,72.3 1 0
github.com/shadmeoli/kairos/internal/stashmeta/stashmeta.go:73.2,73.29 1 0
github.com/shadmeoli/kairos/internal/stashmeta/stashmeta.go:77.44,78.22 1 0
github.com/shadmeoli/kairos/internal/stashmeta/stashmeta.go:78.22,80.3 1 0
github.com/shadmeoli/kairos/internal/stashmeta/stashmeta.go:81.2,83.16 3 0
github.com/shadmeoli/kairos/internal/stashmeta/stashmeta.go:83.16,85.3 1 0
github.com/shadmeoli/kairos/internal/stashmeta/stashmeta.go:86.2,87.29 2 0
github.com/shadmeoli/kairos/internal/stashmeta/stashmeta.go:91.50,93.16 2 0
github.com/shadmeoli/kairos/internal/stashmeta/stashmeta.go:93.16,95.3 1 0
github.com/shadmeoli/kairos/internal/stashmeta/stashmeta.go:96.2,97.14 2 0
github.com/shadmeoli/kairos/internal/stashmeta/stashmeta.go:101.45,102.20 1 0
github.com/shadmeoli/kairos/internal/stashmeta/stashmeta.go:102.20,104.3 1 0
github.com/shadmeoli/kairos/internal/stashmeta/stashmeta.go:105.2,106.16 2 0
github.com/shadmeoli/kairos/internal/stashmeta/stashmeta.go:106.16,108.3 1 0
github.com/shadmeoli/kairos/internal/stashmeta/stashmeta.go:109.2,110.29 2 0
github.com/shadmeoli/kairos/internal/config/config.go:24.40,26.2 1 0
github.com/shadmeoli/kairos/internal/config/config.go:30.69,33.16 3 0
github.com/shadmeoli/kairos/internal/config/config.go:33.16,34.37 1 0
github.com/shadmeoli/kairos/internal/config/config.go:34.37,36.4 1 0
github.com/shadmeoli/kairos/internal/config/config.go:37.3,37.23 1 0
github.com/shadmeoli/kairos/internal/config/config.go:39.2,40.49 2 0
github.com/shadmeoli/kairos/internal/config/config.go:40.49,42.3 1 0
github.com/shadmeoli/kairos/internal/config/config.go:43.2,43.23 1 0
github.com/shadmeoli/kairos/internal/config/config.go:43.23,45.3 1 0
github.com/shadmeoli/kairos/internal/config/config.go:46.2,47.16 2 0
github.com/shadmeoli/kairos/internal/config/config.go:47.16,49.3 1 0
github.com/shadmeoli/kairos/internal/config/config.go:50.2,50.21 1 0
github.com/shadmeoli/kairos/internal/config/config.go:54.55,57.2 2 0
github.com/shadmeoli/kairos/internal/config/config.go:60.45,61.44 1 0
github.com/shadmeoli/kairos/internal/config/config.go:61.44,63.3 1 0
github.com/shadmeoli/kairos/internal/config/config.go:64.2,64.15 1 0
github.com/shadmeoli/kairos/internal/config/config.go:68.49,70.16 2 0
github.com/shadmeoli/kairos/internal/config/config.go:70.16,72.3 1 0
github.com/shadmeoli/kairos/internal/config/config.go:73.2,74.48 2 0
github.com/shadmeoli/kairos/internal/config/config.go:74.48,76.3 1 0
github.com/shadmeoli/kairos/internal/config/config.go:77.2,79.48 3 0
github.com/shadmeoli/kairos/internal/config/config.go:79.48,81.3 1 0
github.com/shadmeoli/kairos/internal/config/config.go:82.2,84.16 3 0
github.com/shadmeoli/kairos/internal/config/config.go:84.16,86.3 1 0
github.com/shadmeoli/kairos/internal/config/config.go:87.2,89.55 3 0
github.com/shadmeoli/kairos/internal/config/config.go:89.55,91.3 1 0
github.com/shadmeoli/kairos/internal/config/config.go:92.2,92.29 1 0
github.com/shadmeoli/kairos/internal/ui/timeline.go:31.81,33.52 2 0
github.com/shadmeoli/kairos/internal/ui/timeline.go:33.52,35.3 1 0
github.com/shadmeoli/kairos/internal/ui/timeline.go:36.2,42.3 1 0
github.com/shadmeoli/kairos/internal/ui/timeline.go:45.39,47.2 1 0
github.com/shadmeoli/kairos/internal/ui/timeline.go:49.65,50.27 1 0
github.com/shadmeoli/kairos/internal/ui/timeline.go:51.25,52.22 1 0
github.com/shadmeoli/kairos/internal/ui/timeline.go:53.18,54.23 1 0
github.com/shadmeoli/kairos/internal/ui/timeline.go:55.22,57.22 2 0
github.com/shadmeoli/kairos/internal/ui/timeline.go:58.18,59.20 1 0
github.com/shadmeoli/kairos/internal/ui/timeline.go:59.20,61.5 1 0
github.com/shadmeoli/kairos/internal/ui/timeline.go:62.20,63.45 1 0
github.com/shadmeoli/kairos/internal/ui/timeline.go:63.45,65.5 1 0
github.com/shadmeoli/kairos/internal/ui/timeline.go:66.16,69.22 3 0
github.com/shadmeoli/kairos/internal/ui/timeline.go:72.2,72.15 1 0
github.com/shadmeoli/kairos/internal/ui/timeline.go:75.38,76.18 1 0
github.com/shadmeoli/kairos/internal/ui/timeline.go:76.18,78.3 1 0
github.com/shadmeoli/kairos/internal/ui/timeline.go:79.2,82.35 4 0
github.com/shadmeoli/kairos/internal/ui/timeline.go:82.35,86.3 3 0
github.com/shadmeoli/kairos/internal/ui/timeline.go:87.2,88.53 2 0
github.com/shadmeoli/kairos/internal/ui/timeline.go:88.53,91.18 3 0
github.com/shadmeoli/kairos/internal/ui/timeline.go:91.18,93.4 1 0
github.com/shadmeoli/kairos/internal/ui/timeline.go:94.3,95.31 2 0
github.com/shadmeoli/kairos/internal/ui/timeline.go:95.31,97.4 1 0
github.com/shadmeoli/kairos/internal/ui/timeline.go:98.3,99.21 2 0
github.com/shadmeoli/kairos/internal/ui/timeline.go:99.21,101.4 1 0
github.com/shadmeoli/kairos/internal/ui/timeline.go:102.3,103.38 2 0
github.com/shadmeoli/kairos/internal/ui/timeline.go:103.38,105.4 1 0
github.com/shadmeoli/kairos/internal/ui/timeline.go:106.3,107.26 2 0
github.com/shadmeoli/kairos/internal/ui/timeline.go:107.26,109.4 1 0
github.com/shadmeoli/kairos/internal/ui/timeline.go:110.3,110.76 1 0
github.com/shadmeoli/kairos/internal/ui/timeline.go:110.76,112.4 1 0
github.com/shadmeoli/kairos/internal/ui/timeline.go:113.3,113.20 1 0
github.com/shadmeoli/kairos/internal/ui/timeline.go:113.20,115.4 1 0
github.com/shadmeoli/kairos/internal/ui/timeline.go:116.3,119.22 4 0
github.com/shadmeoli/kairos/internal/ui/timeline.go:121.2,124.19 4 0
github.com/shadmeoli/kairos/internal/ui/timeline.go:127.24,128.11 1 0
github.com/shadmeoli/kairos/internal/ui/timeline.go:128.11,130.3 1 0
github.com/shadmeoli/kairos/internal/ui/timeline.go:131.2,131.10 1 0
github.com/shadmeoli/kairos/internal/ui/timeline.go:135.49,137.2 1 0
github.com/shadmeoli/kairos/internal/timeline/timeline.go:20.63,23.16 3 0
github.com/shadmeoli/kairos/internal/timeline/timeline.go:23.16,25.3 1 0
github.com/shadmeoli/kairos/internal/timeline/timeline.go:26.2,27.16 2 0
github.com/shadmeoli/kairos/internal/timeline/timeline.go:27.16,29.3 1 0
github.com/shadmeoli/kairos/internal/timeline/timeline.go:30.2,31.16 2 0
github.com/shadmeoli/kairos/internal/timeline/timeline.go:31.16,33.3 1 0
github.com/shadmeoli/kairos/internal/timeline/timeline.go:34.2,34.65 1 0
github.com/shadmeoli/kairos/internal/timeline/timeline.go:38.68,40.16 2 0
github.com/shadmeoli/kairos/internal/timeline/timeline.go:40.16,42.3 1 0
github.com/shadmeoli/kairos/internal/timeline/timeline.go:43.2,47.16 4 0
github.com/shadmeoli/kairos/internal/timeline/timeline.go:47.16,49.3 1 0
github.com/shadmeoli/kairos/internal/timeline/timeline.go:50.2,53.18 3 0
github.com/shadmeoli/kairos/internal/timeline/timeline.go:53.18,56.3 2 0
github.com/shadmeoli/kairos/internal/timeline/timeline.go:56.8,60.3 2 0
github.com/shadmeoli/kairos/internal/timeline/timeline.go:61.2,62.16 2 0
github.com/shadmeoli/kairos/internal/timeline/timeline.go:62.16,64.3 1 0
github.com/shadmeoli/kairos/internal/timeline/timeline.go:65.2,66.34 2 0
github.com/shadmeoli/kairos/internal/timeline/timeline.go:69.89,72.16 3 0
github.com/shadmeoli/kairos/internal/timeline/timeline.go:72.16,74.3 1 0
github.com/shadmeoli/kairos/internal/timeline/timeline.go:75.2,76.12 2 0
github.com/shadmeoli/kairos/internal/timeline/timeline.go:76.12,77.13 1 0
github.com/shadmeoli/kairos/internal/timeline/timeline.go:77.13,79.4 1 0
github.com/shadmeoli/kairos/internal/timeline/timeline.go:80.3,81.54 2 0
github.com/shadmeoli/kairos/internal/timeline/timeline.go:81.54,83.4 1 0
github.com/shadmeoli/kairos/internal/timeline/timeline.go:84.3,84.33 1 0
github.com/shadmeoli/kairos/internal/timeline/timeline.go:87.2,88.33 2 0
github.com/shadmeoli/kairos/internal/timeline/timeline.go:88.33,90.3 1 0
github.com/shadmeoli/kairos/internal/timeline/timeline.go:91.2,91.62 1 0
github.com/shadmeoli/kairos/internal/timeline/timeline.go:91.62,93.3 1 0
github.com/shadmeoli/kairos/internal/timeline/timeline.go:94.2,94.21 1 0
github.com/shadmeoli/kairos/internal/timeline/timeline.go:97.60,99.16 2 0
github.com/shadmeoli/kairos/internal/timeline/timeline.go:99.16,101.3 1 0
github.com/shadmeoli/kairos/internal/timeline/timeline.go:102.2,102.19 1 0
github.com/shadmeoli/kairos/internal/timeline/timeline.go:102.19,104.3 1 0
github.com/shadmeoli/kairos/internal/timeline/timeline.go:105.2,107.16 3 0
github.com/shadmeoli/kairos/internal/timeline/timeline.go:107.16,109.3 1 0
github.com/shadmeoli/kairos/internal/timeline/timeline.go:110.2,110.22 1 0
github.com/shadmeoli/kairos/internal/timeline/timeline.go:110.22,113.3 2 0
github.com/shadmeoli/kairos/internal/timeline/timeline.go:114.2,115.34 2 0
github.com/shadmeoli/kairos/internal/timeline/timeline.go:118.63,120.16 2 0
github.com/shadmeoli/kairos/internal/timeline/timeline.go:120.16,122.3 1 0
github.com/shadmeoli/kairos/internal/timeline/timeline.go:123.2,123.54 1 0
github.com/shadmeoli/kairos/internal/timeline/timeline.go:123.54,125.3 1 0
github.com/shadmeoli/kairos/internal/timeline/timeline.go:126.2,128.16 3 0
github.com/shadmeoli/kairos/internal/timeline/timeline.go:128.16,130.3 1 0
github.com/shadmeoli/kairos/internal/timeline/timeline.go:131.2,131.22 1 0
github.com/shadmeoli/kairos/internal/timeline/timeline.go:131.22,134.3 2 0
github.com/shadmeoli/kairos/internal/timeline/timeline.go:135.2,136.34 2 0
github.com/shadmeoli/kairos/internal/timeline/timeline.go:139.72,141.16 2 0
github.com/shadmeoli/kairos/internal/timeline/timeline.go:141.16,143.3 1 0
github.com/shadmeoli/kairos/internal/timeline/timeline.go:144.2,144.29 1 0
github.com/shadmeoli/kairos/internal/timeline/timeline.go:144.29,146.3 1 0
github.com/shadmeoli/kairos/internal/timeline/timeline.go:147.2,148.45 2 0
github.com/shadmeoli/kairos/internal/timeline/timeline.go:148.45,149.12 1 0
github.com/shadmeoli/kairos/internal/timeline/timeline.go:149.12,151.4 1 0
github.com/shadmeoli/kairos/internal/timeline/timeline.go:152.3,152.39 1 0
github.com/shadmeoli/kairos/internal/timeline/timeline.go:152.39,154.4 1 0
github.com/shadmeoli/kairos/internal/timeline/timeline.go:156.2,156.13 1 0
github.com/shadmeoli/kairos/internal/timeline/timeline.go:156.13,158.32 2 0
github.com/shadmeoli/kairos/internal/timeline/timeline.go:158.32,160.32 2 0
github.com/shadmeoli/kairos/internal/timeline/timeline.go:160.32,162.10 2 0
github.com/shadmeoli/kairos/internal/timeline/timeline.go:166.2,166.13 1 0
github.com/shadmeoli/kairos/internal/timeline/timeline.go:166.13,168.32 2 0
github.com/shadmeoli/kairos/internal/timeline/timeline.go:168.32,169.72 1 0
github.com/shadmeoli/kairos/internal/timeline/timeline.go:169.72,171.10 2 0
github.com/shadmeoli/kairos/internal/timeline/timeline.go:175.2,175.13 1 0
github.com/shadmeoli/kairos/internal/timeline/timeline.go:175.13,177.3 1 0
github.com/shadmeoli/kairos/internal/timeline/timeline.go:178.2,180.16 3 0
github.com/shadmeoli/kairos/internal/timeline/timeline.go:180.16,182.3 1 0
github.com/shadmeoli/kairos/internal/timeline/timeline.go:183.2,183.22 1 0
github.com/shadmeoli/kairos/internal/timeline/timeline.go:183.22,186.3 2 0
github.com/shadmeoli/kairos/internal/timeline/timeline.go:187.2,188.34 2 0
github.com/shadmeoli/kairos/internal/timeline/timeline.go:191.51,193.2 1 0
github.com/shadmeoli/kairos/internal/stashops/stashops.go:12.46,13.41 1 0
github.com/shadmeoli/kairos/internal/stashops/stashops.go:13.41,15.3 1 0
github.com/shadmeoli/kairos/internal/stashops/stashops.go:16.2,17.18 2 0
github.com/shadmeoli/kairos/internal/stashops/stashops.go:17.18,19.3 1 0
github.com/shadmeoli/kairos/internal/stashops/stashops.go:20.2,20.14 1 0
github.com/shadmeoli/kairos/internal/stashops/stashops.go:20.14,22.3 1 0
github.com/shadmeoli/kairos/internal/stashops/stashops.go:23.2,23.43 1 0
github.com/shadmeoli/kairos/internal/stashops/stashops.go:26.37,28.28 2 0
github.com/shadmeoli/kairos/internal/stashops/stashops.go:28.28,30.3 1 0
github.com/shadmeoli/kairos/internal/stashops/stashops.go:34.92,37.16 3 0
github.com/shadmeoli/kairos/internal/stashops/stashops.go:37.16,39.3 1 0
github.com/shadmeoli/kairos/internal/stashops/stashops.go:40.2,41.16 2 0
github.com/shadmeoli/kairos/internal/stashops/stashops.go:41.16,43.3 1 0
github.com/shadmeoli/kairos/internal/stashops/stashops.go:44.2,45.16 2 0
github.com/shadmeoli/kairos/internal/stashops/stashops.go:45.16,47.3 1 0
github.com/shadmeoli/kairos/internal/stashops/stashops.go:49.2,50.22 2 0
github.com/shadmeoli/kairos/internal/stashops/stashops.go:50.22,52.3 1 0
github.com/shadmeoli/kairos/internal/stashops/stashops.go:53.2,53.19 1 0
github.com/shadmeoli/kairos/internal/stashops/stashops.go:53.19,55.3 1 0
github.com/shadmeoli/kairos/internal/stashops/stashops.go:56.2,56.24 1 0
github.com/shadmeoli/kairos/internal/stashops/stashops.go:56.24,59.3 2 0
github.com/shadmeoli/kairos/internal/stashops/stashops.go:60.2,61.62 2 0
github.com/shadmeoli/kairos/internal/stashops/stashops.go:61.62,63.3 1 0
github.com/shadmeoli/kairos/internal/stashops/stashops.go:65.2,67.16 3 0
github.com/shadmeoli/kairos/internal/stashops/stashops.go:67.16,69.3 1 0
github.com/shadmeoli/kairos/internal/stashops/stashops.go:70.2,71.16 2 0
github.com/shadmeoli/kairos/internal/stashops/stashops.go:71.16,73.3 1 0
github.com/shadmeoli/kairos/internal/stashops/stashops.go:74.2,75.15 2 0
github.com/shadmeoli/kairos/internal/stashops/stashops.go:75.15,77.3 1 0
github.com/shadmeoli/kairos/internal/stashops/stashops.go:79.2,88.41 2 0
github.com/shadmeoli/kairos/internal/stashops/stashops.go:92.50,95.28 3 0
github.com/shadmeoli/kairos/internal/stashops/stashops.go:95.28,96.38 1 0
github.com/shadmeoli/kairos/internal/stashops/stashops.go:96.38,98.9 2 0
github.com/shadmeoli/kairos/internal/stashops/stashops.go:101.2,102.16 2 0
github.com/shadmeoli/kairos/internal/stashops/stashops.go:102.16,104.3 1 0
github.com/shadmeoli/kairos/internal/stashops/stashops.go:105.2,106.59 2 0
github.com/shadmeoli/kairos/internal/stashops/stashops.go:106.59,108.3 1 0
github.com/shadmeoli/kairos/internal/stashops/stashops.go:109.2,110.12 2 0
github.com/shadmeoli/kairos/internal/stashops/stashops.go:114.33,117.16 3 0
github.com/shadmeoli/kairos/internal/stashops/stashops.go:117.16,119.3 1 0
github.com/shadmeoli/kairos/internal/stashops/stashops.go:120.2,120.34 1 0
github.com/shadmeoli/kairos/internal/stashops/stashops.go:120.34,122.3 1 0
github.com/shadmeoli/kairos/internal/stashops/stashops.go:123.2,124.29 2 0
github.com/shadmeoli/kairos/internal/stashops/stashops.go:124.29,128.17 4 0
github.com/shadmeoli/kairos/internal/stashops/stashops.go:128.17,129.12 1 0
github.com/shadmeoli/kairos/internal/stashops/stashops.go:131.3,131.47 1 0
github.com/shadmeoli/kairos/internal/stashops/stashops.go:131.47,133.4 1 0
github.com/shadmeoli/kairos/internal/stashops/stashops.go:135.2,135.12 1 0
github.com/shadmeoli/kairos/internal/stashops/stashops.go:139.43,142.16 3 0
github.com/shadmeoli/kairos/internal/stashops/stashops.go:142.16,144.3 1 0
github.com/shadmeoli/kairos/internal/stashops/stashops.go:145.2,146.9 2 0
github.com/shadmeoli/kairos/internal/stashops/stashops.go:146.9,148.3 1 0
github.com/shadmeoli/kairos/internal/stashops/stashops.go:149.2,150.12 2 0
github.com/shadmeoli/kairos/internal/stashops/stashops.go:154.52,158.2 3 0
github.com/shadmeoli/kairos/internal/store/store.go:40.41,48.2 1 0
github.com/shadmeoli/kairos/internal/store/store.go:50.39,52.2 1 0
github.com/shadmeoli/kairos/internal/store/store.go:54.39,56.2 1 0
github.com/shadmeoli/kairos/internal/store/store.go:58.42,61.16 3 0
github.com/shadmeoli/kairos/internal/store/store.go:61.16,62.37 1 0
github.com/shadmeoli/kairos/internal/store/store.go:62.37,64.4 1 0
github.com/shadmeoli/kairos/internal/store/store.go:65.3,65.22 1 0
github.com/shadmeoli/kairos/internal/store/store.go:67.2,68.49 2 0
github.com/shadmeoli/kairos/internal/store/store.go:68.49,70.3 1 0
github.com/shadmeoli/kairos/internal/store/store.go:71.2,71.20 1 0
github.com/shadmeoli/kairos/internal/store/store.go:71.20,73.3 1 0
github.com/shadmeoli/kairos/internal/store/store.go:74.2,74.45 1 0
github.com/shadmeoli/kairos/internal/store/store.go:74.45,76.3 1 0
github.com/shadmeoli/kairos/internal/store/store.go:77.2,78.36 2 0
github.com/shadmeoli/kairos/internal/store/store.go:78.36,80.3 1 0
github.com/shadmeoli/kairos/internal/store/store.go:81.2,82.16 2 0
github.com/shadmeoli/kairos/internal/store/store.go:82.16,84.3 1 0
github.com/shadmeoli/kairos/internal/store/store.go:85.2,86.13 2 0
github.com/shadmeoli/kairos/internal/store/store.go:86.13,87.42 1 0
github.com/shadmeoli/kairos/internal/store/store.go:87.42,89.4 1 0
github.com/shadmeoli/kairos/internal/store/store.go:91.2,91.15 1 0
github.com/shadmeoli/kairos/internal/store/store.go:97.48,98.13 1 0
github.com/shadmeoli/kairos/internal/store/store.go:98.13,100.3 1 0
github.com/shadmeoli/kairos/internal/store/store.go:101.2,101.31 1 0
github.com/shadmeoli/kairos/internal/store/store.go:101.31,103.3 1 0
github.com/shadmeoli/kairos/internal/store/store.go:104.2,107.29 4 0
github.com/shadmeoli/kairos/internal/store/store.go:107.29,110.3 2 0
github.com/shadmeoli/kairos/internal/store/store.go:111.2,111.18 1 0
github.com/shadmeoli/kairos/internal/store/store.go:111.18,113.3 1 0
github.com/shadmeoli/kairos/internal/store/store.go:114.2,114.36 1 0
github.com/shadmeoli/kairos/internal/store/store.go:114.36,116.3 1 0
github.com/shadmeoli/kairos/internal/store/store.go:117.2,117.13 1 0
github.com/shadmeoli/kairos/internal/store/store.go:120.42,122.48 2 0
github.com/shadmeoli/kairos/internal/store/store.go:122.48,124.3 1 0
github.com/shadmeoli/kairos/internal/store/store.go:125.2,128.16 4 0
github.com/shadmeoli/kairos/internal/store/store.go:128.16,130.3 1 0
github.com/shadmeoli/kairos/internal/store/store.go:131.2,132.55 2 0
github.com/shadmeoli/kairos/internal/store/store.go:132.55,134.3 1 0
github.com/shadmeoli/kairos/internal/store/store.go:135.2,135.43 1 0
github.com/shadmeoli/kairos/internal/store/store.go:138.44,142.51 4 0
github.com/shadmeoli/kairos/internal/store/store.go:142.51,144.3 1 0
github.com/shadmeoli/kairos/internal/store/store.go:145.2,146.79 2 0
github.com/shadmeoli/kairos/internal/store/store.go:146.79,148.3 1 0
github.com/shadmeoli/kairos/internal/store/store.go:149.2,150.53 2 0
github.com/shadmeoli/kairos/internal/store/store.go:150.53,152.3 1 0
github.com/shadmeoli/kairos/internal/store/store.go:153.2,154.16 2 0
github.com/shadmeoli/kairos/internal/store/store.go:154.16,156.3 1 0
github.com/shadmeoli/kairos/internal/store/store.go:157.2,159.12 3 0
github.com/shadmeoli/kairos/internal/store/store.go:162.87,172.2 1 0
